<?xml version="1.0" encoding="UTF-8"?>
<!-- Generated by org.testng.reporters.JUnitReportReporter -->
<testsuite hostname="LAPTOP-H7R7DK85" failures="0" tests="1" name="crudOperationWithoutBDDApproach.AddProjectTest" time="2.864" errors="0" timestamp="2022-11-04T15:32:43 IST" skipped="0">
  <testcase classname="crudOperationWithoutBDDApproach.AddProjectTest" name="addProjectTest" time="2.864"/>
  <system-out/>
</testsuite> <!-- crudOperationWithoutBDDApproach.AddProjectTest -->
