<?xml version="1.0" encoding="UTF-8"?>
<!-- Generated by org.testng.reporters.JUnitReportReporter -->
<testsuite hostname="LAPTOP-H7R7DK85" failures="0" tests="1" name="crudOperationWithoutBDDApproach.FetchRequiredProjectTest" time="1.793" errors="0" timestamp="2022-11-04T15:41:56 IST" skipped="0">
  <testcase classname="crudOperationWithoutBDDApproach.FetchRequiredProjectTest" name="fetchAllProjectsTest" time="1.793"/>
  <system-out/>
</testsuite> <!-- crudOperationWithoutBDDApproach.FetchRequiredProjectTest -->
