<?xml version="1.0" encoding="UTF-8"?>
<!-- Generated by org.testng.reporters.JUnitReportReporter -->
<testsuite hostname="LAPTOP-H7R7DK85" failures="0" tests="1" name="serializationAndDeserialization.SerializationOfEmployeeWithSpouseDetails" time="0.204" errors="0" timestamp="3 Nov 2022 10:46:08 GMT">
  <testcase classname="serializationAndDeserialization.SerializationOfEmployeeWithSpouseDetails" name="employeeDetailsTest" time="0.204"/>
</testsuite> <!-- serializationAndDeserialization.SerializationOfEmployeeWithSpouseDetails -->
