<?xml version="1.0" encoding="UTF-8"?>
<!-- Generated by org.testng.reporters.JUnitReportReporter -->
<testsuite hostname="LAPTOP-H7R7DK85" failures="0" tests="1" name="serializationAndDeserialization.SerializationOfEmployeeDetailsTest" time="0.300" errors="0" timestamp="2023-03-27T22:25:23 IST" skipped="0">
  <testcase classname="serializationAndDeserialization.SerializationOfEmployeeDetailsTest" name="employeeDetailsTest" time="0.300"/>
  <system-out/>
</testsuite> <!-- serializationAndDeserialization.SerializationOfEmployeeDetailsTest -->
